<?xml version="1.0" encoding="UTF-8"?>
<!-- Generated by org.testng.reporters.JUnitReportReporter -->
<testsuite hostname="DESKTOP-8TVKRG1" failures="0" tests="5" name="testt.LoginTest" time="3.551" errors="0" timestamp="2023-02-08T22:47:29 IST" skipped="0">
  <testcase classname="testt.LoginTest" name="verifyTitleOfLoginPage" time="0.611"/>
  <system-out/>
  <testcase classname="testt.LoginTest" name="verifyBuildtitle" time="0.016"/>
  <system-out/>
  <testcase classname="testt.LoginTest" name="verifyCurrentUrl" time="0.017"/>
  <system-out/>
  <testcase classname="testt.LoginTest" name="verifyValidUsername" time="0.305"/>
  <system-out/>
  <testcase classname="testt.LoginTest" name="verifyDashboard" time="2.602"/>
  <system-out/>
</testsuite> <!-- testt.LoginTest -->
